[+] Containers:
 |- [+] Container: /Game/FirstPerson/Maps/FirstPersonMap
 |   |- [+] ActorDescs:
 |   |   |- Guid:012D551F49205F03F57C859141BCAD93 BaseClass: NativeClass:/Script/Engine.StaticMeshActor Name:StaticMeshActor_UAID_B025AA4DD6C4BAFE01_1355389162 Label:dirty_Floor13 SpatiallyLoaded:1 Bounds:IsValid=true, Min=(X=3893.250 Y=-1770.933 Z=-23.841), Max=(X=4803.801 Y=-581.936 Z=23.841) RuntimeGrid:None EditorOnly:0 RuntimeOnly:0 HLODRelevant:1
 |   |   |- Guid:079081F540F1AD2EE6389587A52A8409 BaseClass: NativeClass:/Script/Engine.PlayerStart Name:PlayerStart_UAID_B025AA4DD6C4B9FE01_1186630945 Label:PlayerStart SpatiallyLoaded:0 Bounds:IsValid=true, Min=(X=-279.214 Y=-2.324 Z=46.422), Max=(X=-199.214 Y=77.676 Z=230.422) RuntimeGrid:None EditorOnly:0 RuntimeOnly:0 HLODRelevant:0
 |   |   |- Guid:0886B28D4CD1D8EBF6F104ACEDF3AFAE BaseClass: NativeClass:/Script/Engine.StaticMeshActor Name:StaticMeshActor_UAID_B025AA4DD6C4BAFE01_1494765188 Label:dirty_Doors_Cube_50 SpatiallyLoaded:1 Bounds:IsValid=true, Min=(X=4221.008 Y=537.516 Z=-30.506), Max=(X=4859.431 Y=585.001 Z=622.174) RuntimeGrid:None EditorOnly:0 RuntimeOnly:0 HLODRelevant:1
 |   |   |- Guid:0937F65F4157DEF2BA29FD8DEAE0364F BaseClass: NativeClass:/Script/Engine.StaticMeshActor Name:StaticMeshActor_UAID_B025AA4DD6C4BAFE01_1460102178 Label:dirty_Doors_Cube_40 SpatiallyLoaded:1 Bounds:IsValid=true, Min=(X=3891.382 Y=-3041.356 Z=28.674), Max=(X=3938.866 Y=-2402.933 Z=681.355) RuntimeGrid:None EditorOnly:0 RuntimeOnly:0 HLODRelevant:1
 |   |   |- Guid:0B15986F42A9FBA4B11E2591808AF06E BaseClass: NativeClass:/Script/Engine.StaticMeshActor Name:StaticMeshActor_UAID_B025AA4DD6C4B9FE01_1276676960 Label:dirty_Doors_Cube_16 SpatiallyLoaded:1 Bounds:IsValid=true, Min=(X=2045.791 Y=-592.008 Z=-30.506), Max=(X=2684.214 Y=-544.524 Z=622.174) RuntimeGrid:None EditorOnly:0 RuntimeOnly:0 HLODRelevant:1
 |   |   |- Guid:0E0E032E4A437D5008BED0B75DEADA52 BaseClass: NativeClass:/Script/Engine.StaticMeshActor Name:StaticMeshActor_UAID_B025AA4DD6C4B9FE01_1253415950 Label:dirty_Doors_Cube_6 SpatiallyLoaded:1 Bounds:IsValid=true, Min=(X=176.093 Y=537.516 Z=-30.506), Max=(X=814.516 Y=585.001 Z=622.174) RuntimeGrid:None EditorOnly:0 RuntimeOnly:0 HLODRelevant:1
 |   |   |- Guid:1754A11F4E8D86BEF4CD199FBAB7923C BaseClass: NativeClass:/Script/Engine.StaticMeshActor Name:StaticMeshActor_UAID_B025AA4DD6C4B9FE01_1604556978 Label:dirty_Doors_Cube_26 SpatiallyLoaded:1 Bounds:IsValid=true, Min=(X=1108.263 Y=2456.499 Z=-30.506), Max=(X=1746.686 Y=2503.983 Z=622.174) RuntimeGrid:None EditorOnly:0 RuntimeOnly:0 HLODRelevant:1
 |   |   |- Guid:18481798407401F435AC72931D9F2817 BaseClass: NativeClass:/Script/Engine.StaticMeshActor Name:StaticMeshActor_UAID_B025AA4DD6C4BAFE01_1456575176 Label:dirty_Doors_Cube_38 SpatiallyLoaded:1 Bounds:IsValid=true, Min=(X=3891.382 Y=-1791.938 Z=28.674), Max=(X=3938.866 Y=-1153.515 Z=681.355) RuntimeGrid:None EditorOnly:0 RuntimeOnly:0 HLODRelevant:1
 |   |   |- Guid:1AD55A324E5A23B7C7E3448EA7E2532D BaseClass: NativeClass:/Script/Engine.StaticMeshActor Name:StaticMeshActor_UAID_B025AA4DD6C4B9FE01_1265267954 Label:dirty_Doors_Cube_10 SpatiallyLoaded:1 Bounds:IsValid=true, Min=(X=2650.157 Y=537.516 Z=-30.506), Max=(X=3288.580 Y=585.001 Z=622.174) RuntimeGrid:None EditorOnly:0 RuntimeOnly:0 HLODRelevant:1
 |   |   |- Guid:1AF176474FA320DEE9C677A21712AD4E BaseClass: NativeClass:/Script/Engine.StaticMeshActor Name:StaticMeshActor_UAID_B025AA4DD6C4BAFE01_1485793184 Label:dirty_Doors_Cube_46 SpatiallyLoaded:1 Bounds:IsValid=true, Min=(X=4787.000 Y=-1117.299 Z=28.674), Max=(X=4834.485 Y=-478.877 Z=681.355) RuntimeGrid:None EditorOnly:0 RuntimeOnly:0 HLODRelevant:1
 |   |   |- Guid:1BD93E7E41967FA2B12A5DB2E992456F BaseClass: NativeClass:/Script/Engine.StaticMeshActor Name:StaticMeshActor_UAID_B025AA4DD6C4B9FE01_1563964971 Label:dirty_Floor11 SpatiallyLoaded:1 Bounds:IsValid=true, Min=(X=2221.707 Y=1584.158 Z=-23.841), Max=(X=3132.258 Y=2773.155 Z=23.841) RuntimeGrid:None EditorOnly:0 RuntimeOnly:0 HLODRelevant:1
 |   |   |- Guid:2025108644C6B1C6C41047877687ED09 BaseClass: NativeClass:/Script/Engine.StaticMeshActor Name:StaticMeshActor_UAID_B025AA4DD6C4BAFE01_1481142183 Label:dirty_Doors_Cube_45 SpatiallyLoaded:1 Bounds:IsValid=true, Min=(X=4787.000 Y=-1741.759 Z=28.674), Max=(X=4834.485 Y=-1103.336 Z=681.355) RuntimeGrid:None EditorOnly:0 RuntimeOnly:0 HLODRelevant:1
 |   |   |- Guid:274BBBCC4A84B2B37DB22F886A599C54 BaseClass: NativeClass:/Script/Engine.StaticMeshActor Name:StaticMeshActor_UAID_B025AA4DD6C4B9FE01_1610832981 Label:dirty_Doors_Cube_29 SpatiallyLoaded:1 Bounds:IsValid=true, Min=(X=498.358 Y=1204.795 Z=-30.506), Max=(X=545.842 Y=1843.218 Z=622.174) RuntimeGrid:None EditorOnly:0 RuntimeOnly:0 HLODRelevant:1
 |   |   |- Guid:31DA4BA0465575D9C9447DBB8434D296 BaseClass: NativeClass:/Script/Engine.StaticMeshActor Name:StaticMeshActor_UAID_B025AA4DD6C4B9FE01_1597204976 Label:dirty_Doors_Cube_24 SpatiallyLoaded:1 Bounds:IsValid=true, Min=(X=2361.015 Y=2456.499 Z=-30.506), Max=(X=2999.438 Y=2503.983 Z=622.174) RuntimeGrid:None EditorOnly:0 RuntimeOnly:0 HLODRelevant:1
 |   |   |- Guid:325253784051AA865D84D0921393205F BaseClass: NativeClass:/Script/Engine.StaticMeshActor Name:StaticMeshActor_UAID_B025AA4DD6C4BAFE01_1458164177 Label:dirty_Doors_Cube_39 SpatiallyLoaded:1 Bounds:IsValid=true, Min=(X=3891.382 Y=-2416.305 Z=28.674), Max=(X=3938.866 Y=-1777.882 Z=681.355) RuntimeGrid:None EditorOnly:0 RuntimeOnly:0 HLODRelevant:1
 |   |   |- Guid:329474FD4187C3DD20C16A8CAC203745 BaseClass: NativeClass:/Script/Engine.StaticMeshActor Name:StaticMeshActor_UAID_B025AA4DD6C4B9FE01_1591769975 Label:dirty_Doors_Cube_23 SpatiallyLoaded:1 Bounds:IsValid=true, Min=(X=2968.259 Y=1829.001 Z=-30.506), Max=(X=3015.743 Y=2467.424 Z=622.174) RuntimeGrid:None EditorOnly:0 RuntimeOnly:0 HLODRelevant:1
 |   |   |- Guid:343D3C7F41513BF661B83F96DE1B9D48 BaseClass: NativeClass:/Script/Engine.StaticMeshActor Name:StaticMeshActor_UAID_B025AA4DD6C4BAFE01_1416804170 Label:dirty_Doors_Cube_32 SpatiallyLoaded:1 Bounds:IsValid=true, Min=(X=5435.635 Y=-1747.136 Z=28.674), Max=(X=6074.058 Y=-1699.652 Z=681.355) RuntimeGrid:None EditorOnly:0 RuntimeOnly:0 HLODRelevant:1
 |   |   |- Guid:398EFA214A5B60F9C43646A4402D9D2E BaseClass: NativeClass:/Script/Engine.StaticMeshActor Name:StaticMeshActor_UAID_B025AA4DD6C4B9FE01_1219309948 Label:dirty_Floor5 SpatiallyLoaded:1 Bounds:IsValid=true, Min=(X=3174.051 Y=-599.907 Z=-23.841), Max=(X=4084.602 Y=589.090 Z=23.841) RuntimeGrid:None EditorOnly:0 RuntimeOnly:0 HLODRelevant:1
 |   |   |- Guid:39DE92724D24FDBBB05EAA97781155E3 BaseClass: NativeClass:/Script/Engine.StaticMeshActor Name:StaticMeshActor_UAID_B025AA4DD6C4B9FE01_1276677962 Label:dirty_Doors_Cube_18 SpatiallyLoaded:1 Bounds:IsValid=true, Min=(X=3257.615 Y=-592.008 Z=-30.506), Max=(X=3896.038 Y=-544.524 Z=622.174) RuntimeGrid:None EditorOnly:0 RuntimeOnly:0 HLODRelevant:1
 |   |   |- Guid:404E52C24A6CADA1087E9989AE10CA55 BaseClass: NativeClass:/Script/Engine.StaticMeshActor Name:StaticMeshActor_UAID_B025AA4DD6C4BAFE01_1472338182 Label:dirty_Doors_Cube_44 SpatiallyLoaded:1 Bounds:IsValid=true, Min=(X=3870.702 Y=-4055.138 Z=28.674), Max=(X=4509.125 Y=-4007.653 Z=681.355) RuntimeGrid:None EditorOnly:0 RuntimeOnly:0 HLODRelevant:1
 |   |   |- Guid:42124F04443E51B6163732AADCBC244A BaseClass: NativeClass:/Script/Engine.StaticMeshActor Name:StaticMeshActor_UAID_B025AA4DD6C4BAFE01_1547233190 Label:dirty_Doors_Cube_52 SpatiallyLoaded:1 Bounds:IsValid=true, Min=(X=6523.754 Y=-2353.053 Z=28.674), Max=(X=6571.238 Y=-1714.630 Z=681.355) RuntimeGrid:None EditorOnly:0 RuntimeOnly:0 HLODRelevant:1
 |   |   |- Guid:43A6BD4846CB71633C43B88B990A4AF3 BaseClass: NativeClass:/Script/Engine.SkeletalMeshActor Name:SkeletalMeshActor_UAID_B025AA4DD6C4B9FE01_1656631984 Label:SK_Mannequin SpatiallyLoaded:1 Bounds:IsValid=true, Min=(X=1648.722 Y=1325.639 Z=14.898), Max=(X=1747.675 Y=1469.747 Z=203.262) RuntimeGrid:None EditorOnly:0 RuntimeOnly:0 HLODRelevant:0
 |   |   |- Guid:4513FD8D44F2F12D5FA106BF291A92B0 BaseClass: NativeClass:/Script/Engine.StaticMeshActor Name:StaticMeshActor_UAID_B025AA4DD6C4BAFE01_1465417180 Label:dirty_Doors_Cube_42 SpatiallyLoaded:1 Bounds:IsValid=true, Min=(X=3891.382 Y=-4272.321 Z=28.674), Max=(X=3938.866 Y=-3633.898 Z=681.355) RuntimeGrid:None EditorOnly:0 RuntimeOnly:0 HLODRelevant:1
 |   |   |- Guid:490EB16D451A77AD65A8C8BABB057E6B BaseClass: NativeClass:/Script/Engine.StaticMeshActor Name:StaticMeshActor_UAID_B025AA4DD6C4B9FE01_1215215946 Label:dirty_Floor3 SpatiallyLoaded:1 Bounds:IsValid=true, Min=(X=1356.727 Y=-599.907 Z=-23.841), Max=(X=2267.277 Y=589.090 Z=23.841) RuntimeGrid:None EditorOnly:0 RuntimeOnly:0 HLODRelevant:1
 |   |   |- Guid:493C091E43862E12CC40D68268F15CE5 BaseClass: NativeClass:/Script/Engine.StaticMeshActor Name:StaticMeshActor_UAID_B025AA4DD6C4BAFE01_1381121166 Label:dirty_Floor17 SpatiallyLoaded:1 Bounds:IsValid=true, Min=(X=5620.023 Y=-4040.522 Z=-23.841), Max=(X=6530.574 Y=-2851.525 Z=23.841) RuntimeGrid:None EditorOnly:0 RuntimeOnly:0 HLODRelevant:1
 |   |   |- Guid:4C784A634FA1AFC374211CA5D4839C28 BaseClass: NativeClass:/Script/Engine.StaticMeshActor Name:StaticMeshActor_UAID_B025AA4DD6C4BAFE01_1647709192 Label:dirty_Doors_Cube_53 SpatiallyLoaded:1 Bounds:IsValid=true, Min=(X=6523.754 Y=-2783.727 Z=28.674), Max=(X=6571.238 Y=-2145.304 Z=681.355) RuntimeGrid:None EditorOnly:0 RuntimeOnly:0 HLODRelevant:1
 |   |   |- Guid:4DC821B546F3ED7004F9E1A855363BCD BaseClass: NativeClass:/Script/Engine.StaticMeshActor Name:StaticMeshActor_UAID_B025AA4DD6C4BAFE01_1488011185 Label:dirty_Doors_Cube_47 SpatiallyLoaded:1 Bounds:IsValid=true, Min=(X=4787.000 Y=-524.750 Z=28.674), Max=(X=4834.485 Y=113.673 Z=681.355) RuntimeGrid:None EditorOnly:0 RuntimeOnly:0 HLODRelevant:1
 |   |   |- Guid:4E04101F4AF261A45143B88CB93F9930 BaseClass: NativeClass:/Script/Engine.StaticMeshActor Name:StaticMeshActor_UAID_B025AA4DD6C4B9FE01_1556964969 Label:dirty_Floor9 SpatiallyLoaded:1 Bounds:IsValid=true, Min=(X=457.217 Y=1562.397 Z=-23.841), Max=(X=1367.768 Y=2751.394 Z=23.841) RuntimeGrid:None EditorOnly:0 RuntimeOnly:0 HLODRelevant:1
 |   |   |- Guid:51E0ED0341699C80379C099F496230EA BaseClass: NativeClass:/Script/Engine.StaticMeshActor Name:StaticMeshActor_UAID_B025AA4DD6C4B9FE01_1267068955 Label:dirty_Doors_Cube_11 SpatiallyLoaded:1 Bounds:IsValid=true, Min=(X=3257.615 Y=537.516 Z=-30.506), Max=(X=3896.038 Y=585.001 Z=622.174) RuntimeGrid:None EditorOnly:0 RuntimeOnly:0 HLODRelevant:1
 |   |   |- Guid:52B33106424371B610AAE485CAF2A391 BaseClass: NativeClass:/Script/Engine.StaticMeshActor Name:StaticMeshActor_UAID_B025AA4DD6C4BAFE01_1383120167 Label:dirty_Floor18 SpatiallyLoaded:1 Bounds:IsValid=true, Min=(X=4765.203 Y=-4040.522 Z=-23.841), Max=(X=5675.753 Y=-2851.525 Z=23.841) RuntimeGrid:None EditorOnly:0 RuntimeOnly:0 HLODRelevant:1
 |   |   |- Guid:58978D43425D47A73452429CA636B752 BaseClass: NativeClass:/Script/Engine.StaticMeshActor Name:StaticMeshActor_UAID_B025AA4DD6C4B9FE01_1548537967 Label:dirty_Floor7 SpatiallyLoaded:1 Bounds:IsValid=true, Min=(X=2221.707 Y=409.121 Z=-23.841), Max=(X=3132.258 Y=1598.118 Z=23.841) RuntimeGrid:None EditorOnly:0 RuntimeOnly:0 HLODRelevant:1
 |   |   |- Guid:5A7F600F47FF1D8F8DDE94BB2A75E578 BaseClass: NativeClass:/Script/Engine.StaticMeshActor Name:StaticMeshActor_UAID_B025AA4DD6C4BAFE01_1403760169 Label:dirty_Doors_Cube_31 SpatiallyLoaded:1 Bounds:IsValid=true, Min=(X=4809.833 Y=-1747.136 Z=28.674), Max=(X=5448.256 Y=-1699.652 Z=681.355) RuntimeGrid:None EditorOnly:0 RuntimeOnly:0 HLODRelevant:1
 |   |   |- Guid:5F657779473E2D6450523DB130D3B4FD BaseClass: NativeClass:/Script/Engine.StaticMeshActor Name:StaticMeshActor_UAID_B025AA4DD6C4BAFE01_1676271194 Label:dirty_Doors_Cube_55 SpatiallyLoaded:1 Bounds:IsValid=true, Min=(X=4784.034 Y=-4052.813 Z=32.020), Max=(X=5422.457 Y=-4005.329 Z=684.700) RuntimeGrid:None EditorOnly:0 RuntimeOnly:0 HLODRelevant:1
 |   |   |- Guid:5FE7584649BB6F09265329A6C57CFD0D BaseClass: NativeClass:/Script/Engine.VolumetricCloud Name:VolumetricCloud_0 Label:VolumetricCloud SpatiallyLoaded:0 Bounds:IsValid=true, Min=(X=0.000 Y=0.000 Z=820.000), Max=(X=0.000 Y=0.000 Z=820.000) RuntimeGrid:None EditorOnly:0 RuntimeOnly:0 HLODRelevant:0 FolderPath:Lighting FolderGuid:0BA5F0A04EADB18E70D5B180D08FA34B
 |   |   |- Guid:60748FCB40173DAC6E943F95FEB36161 BaseClass: NativeClass:/Script/Engine.StaticMeshActor Name:StaticMeshActor_UAID_B025AA4DD6C4BAFE01_1369145164 Label:dirty_Floor15 SpatiallyLoaded:1 Bounds:IsValid=true, Min=(X=4734.334 Y=-2915.137 Z=-23.841), Max=(X=5644.884 Y=-1726.140 Z=23.841) RuntimeGrid:None EditorOnly:0 RuntimeOnly:0 HLODRelevant:1
 |   |   |- Guid:61391D344900612A77DFC3BA3E354907 BaseClass: NativeClass:/Script/Engine.ExponentialHeightFog Name:ExponentialHeightFog_0 Label:ExponentialHeightFog SpatiallyLoaded:0 Bounds:IsValid=true, Min=(X=-5600.000 Y=-50.000 Z=-6850.000), Max=(X=-5600.000 Y=-50.000 Z=-6850.000) RuntimeGrid:None EditorOnly:0 RuntimeOnly:0 HLODRelevant:0 FolderPath:Lighting FolderGuid:0BA5F0A04EADB18E70D5B180D08FA34B
 |   |   |- Guid:6344693943C64822A773ACBE6CE78A35 BaseClass: NativeClass:/Script/Engine.StaticMeshActor Name:StaticMeshActor_UAID_B025AA4DD6C4B9FE01_1159430944 Label:dirty_Floor2 SpatiallyLoaded:1 Bounds:IsValid=true, Min=(X=463.473 Y=-599.907 Z=-23.841), Max=(X=1374.024 Y=589.090 Z=23.841) RuntimeGrid:None EditorOnly:0 RuntimeOnly:0 HLODRelevant:1
 |   |   |- Guid:649DB01C428EFAECBFD428AC55BEF72A BaseClass: NativeClass:/Script/Engine.StaticMeshActor Name:StaticMeshActor_UAID_B025AA4DD6C4B9FE01_1590278974 Label:dirty_Doors_Cube_22 SpatiallyLoaded:1 Bounds:IsValid=true, Min=(X=2968.259 Y=1829.001 Z=-30.506), Max=(X=3015.743 Y=2467.424 Z=622.174) RuntimeGrid:None EditorOnly:0 RuntimeOnly:0 HLODRelevant:1
 |   |   |- Guid:666D2D4C41956DD279B8209BD2DEC53A BaseClass: NativeClass:/Script/Engine.StaticMeshActor Name:StaticMeshActor_UAID_B025AA4DD6C4BAFE01_1744568195 Label:Clean_Floor_Cube_023 SpatiallyLoaded:1 Bounds:IsValid=true, Min=(X=-2416.782 Y=-5182.099 Z=540.219), Max=(X=7293.106 Y=5114.465 Z=587.901) RuntimeGrid:None EditorOnly:0 RuntimeOnly:0 HLODRelevant:1
 |   |   |- Guid:6C4A8879435C6883A21A2B8B2CB2CCFF BaseClass: NativeClass:/Script/Engine.PointLight Name:PointLight_UAID_B025AA4DD6C4BAFE01_2018918197 Label:PointLight SpatiallyLoaded:1 Bounds:IsValid=true, Min=(X=570.062 Y=1160.006 Z=-769.654), Max=(X=2570.062 Y=3160.006 Z=1230.346) RuntimeGrid:None EditorOnly:0 RuntimeOnly:0 HLODRelevant:0
 |   |   |- Guid:6FEFB3BD4EB37B849EF0D4AC80F83855 BaseClass: NativeClass:/Script/Engine.WorldDataLayers Name:WorldDataLayers Label:WorldDataLayers SpatiallyLoaded:0 Bounds:IsValid=true, Min=(X=0.000 Y=0.000 Z=0.000), Max=(X=0.000 Y=0.000 Z=0.000) RuntimeGrid:None EditorOnly:0 RuntimeOnly:0 HLODRelevant:0
 |   |   |- Guid:7981825F4D4E52E8DE967DA3FA09A147 BaseClass: NativeClass:/Script/Engine.StaticMeshActor Name:StaticMeshActor_UAID_B025AA4DD6C4B9FE01_1390451965 Label:dirty_Doors_Cube_19 SpatiallyLoaded:1 Bounds:IsValid=true, Min=(X=1267.070 Y=538.708 Z=486.848), Max=(X=2065.098 Y=598.064 Z=620.920) RuntimeGrid:None EditorOnly:0 RuntimeOnly:0 HLODRelevant:1
 |   |   |- Guid:7A63C66847EDD96D768686AAA24B8AF9 BaseClass: NativeClass:/Script/Engine.StaticMeshActor Name:StaticMeshActor_UAID_B025AA4DD6C4B9FE01_1276673956 Label:dirty_Doors_Cube_12 SpatiallyLoaded:1 Bounds:IsValid=true, Min=(X=-449.346 Y=-592.008 Z=-30.506), Max=(X=189.077 Y=-544.524 Z=622.174) RuntimeGrid:None EditorOnly:0 RuntimeOnly:0 HLODRelevant:1
 |   |   |- Guid:82219A90477B4042BD8FE0B039BB0765 BaseClass: NativeClass:/Script/Engine.StaticMeshActor Name:StaticMeshActor_UAID_B025AA4DD6C4B8FE01_2081081767 Label:dirty_Floor SpatiallyLoaded:1 Bounds:IsValid=true, Min=(X=-455.275 Y=-594.498 Z=-23.841), Max=(X=455.275 Y=594.498 Z=23.841) RuntimeGrid:None EditorOnly:0 RuntimeOnly:0 HLODRelevant:1
 |   |   |- Guid:868EDD1B4C458A3D87AF2EBF8701BA58 BaseClass: NativeClass:/Script/Engine.StaticMeshActor Name:StaticMeshActor_UAID_B025AA4DD6C4B9FE01_1318326964 Label:dirty_Doors_Cube_8 SpatiallyLoaded:1 Bounds:IsValid=true, Min=(X=1267.070 Y=532.311 Z=-37.117), Max=(X=2065.098 Y=591.666 Z=96.956) RuntimeGrid:None EditorOnly:0 RuntimeOnly:0 HLODRelevant:1
 |   |   |- Guid:88673B4F44A74D295181A8AAC28E7C54 BaseClass: NativeClass:/Script/Engine.StaticMeshActor Name:StaticMeshActor_UAID_B025AA4DD6C4BAFE01_1533894189 Label:dirty_Doors_Cube_51 SpatiallyLoaded:1 Bounds:IsValid=true, Min=(X=6523.754 Y=-4056.362 Z=28.674), Max=(X=6571.238 Y=-3417.939 Z=681.355) RuntimeGrid:None EditorOnly:0 RuntimeOnly:0 HLODRelevant:1
 |   |   |- Guid:8C51683140832401651113B811DEB1A9 BaseClass: NativeClass:/Script/Engine.StaticMeshActor Name:StaticMeshActor_UAID_B025AA4DD6C4BAFE01_1493093187 Label:dirty_Doors_Cube_49 SpatiallyLoaded:1 Bounds:IsValid=true, Min=(X=3870.906 Y=537.516 Z=-30.506), Max=(X=4509.328 Y=585.001 Z=622.174) RuntimeGrid:None EditorOnly:0 RuntimeOnly:0 HLODRelevant:1
 |   |   |- Guid:94308C0740B4E8CB24A5BB81187DC2EA BaseClass: NativeClass:/Script/Engine.StaticMeshActor Name:StaticMeshActor_UAID_B025AA4DD6C4BAFE01_1362381163 Label:dirty_Floor14 SpatiallyLoaded:1 Bounds:IsValid=true, Min=(X=3893.250 Y=-2915.137 Z=-23.841), Max=(X=4803.801 Y=-1726.140 Z=23.841) RuntimeGrid:None EditorOnly:0 RuntimeOnly:0 HLODRelevant:1
 |   |   |- Guid:962A293B453654D20B5A57A12849D99A BaseClass: NativeClass:/Script/Engine.StaticMeshActor Name:StaticMeshActor_UAID_B025AA4DD6C4B9FE01_1576011972 Label:dirty_Doors_Cube_20 SpatiallyLoaded:1 Bounds:IsValid=true, Min=(X=2968.259 Y=599.389 Z=-30.506), Max=(X=3015.743 Y=1237.812 Z=622.174) RuntimeGrid:None EditorOnly:0 RuntimeOnly:0 HLODRelevant:1
 |   |   |- Guid:973CA18948D72EB2A0F0B8AD5A47CBEC BaseClass: NativeClass:/Script/Engine.StaticMeshActor Name:StaticMeshActor_UAID_B025AA4DD6C4BAFE01_1627193191 Label:dirty_Doors_Cube_021 SpatiallyLoaded:1 Bounds:IsValid=true, Min=(X=6516.027 Y=-3246.266 Z=32.020), Max=(X=6563.512 Y=-2607.843 Z=684.700) RuntimeGrid:None EditorOnly:0 RuntimeOnly:0 HLODRelevant:1
 |   |   |- Guid:9B4F6E69409BBA4A57490D8EAFAC24C0 BaseClass: NativeClass:/Script/Engine.StaticMeshActor Name:StaticMeshActor_UAID_B025AA4DD6C4BAFE01_1372634165 Label:dirty_Floor16 SpatiallyLoaded:1 Bounds:IsValid=true, Min=(X=5620.023 Y=-2915.137 Z=-23.841), Max=(X=6530.574 Y=-1726.140 Z=23.841) RuntimeGrid:None EditorOnly:0 RuntimeOnly:0 HLODRelevant:1
 |   |   |- Guid:9DF493234FA93E52872D5493076E1555 BaseClass: NativeClass:/Script/Engine.StaticMeshActor Name:StaticMeshActor_UAID_B025AA4DD6C4BAFE01_1655468193 Label:dirty_Doors_Cube_54 SpatiallyLoaded:1 Bounds:IsValid=true, Min=(X=6523.754 Y=-3718.610 Z=28.674), Max=(X=6571.238 Y=-3080.187 Z=681.355) RuntimeGrid:None EditorOnly:0 RuntimeOnly:0 HLODRelevant:1
 |   |   |- Guid:A8E983874BFC52F4491272B593678C03 BaseClass: NativeClass:/Script/Engine.StaticMeshActor Name:StaticMeshActor_UAID_B025AA4DD6C4B9FE01_1217357947 Label:dirty_Floor4 SpatiallyLoaded:1 Bounds:IsValid=true, Min=(X=2258.720 Y=-599.907 Z=-23.841), Max=(X=3169.270 Y=589.090 Z=23.841) RuntimeGrid:None EditorOnly:0 RuntimeOnly:0 HLODRelevant:1
 |   |   |- Guid:A9D8C8644FE74C0E10A6CC947AAADE50 BaseClass: NativeClass:/Script/Engine.StaticMeshActor Name:StaticMeshActor_UAID_B025AA4DD6C4B9FE01_1276676961 Label:dirty_Doors_Cube_17 SpatiallyLoaded:1 Bounds:IsValid=true, Min=(X=2650.157 Y=-592.008 Z=-30.506), Max=(X=3288.580 Y=-544.524 Z=622.174) RuntimeGrid:None EditorOnly:0 RuntimeOnly:0 HLODRelevant:1
 |   |   |- Guid:AA55583F4C2937E9E1B33FA3A75B4ACE BaseClass: NativeClass:/Script/Engine.StaticMeshActor Name:StaticMeshActor_UAID_B025AA4DD6C4BAFE01_1469775181 Label:dirty_Doors_Cube_43 SpatiallyLoaded:1 Bounds:IsValid=true, Min=(X=4228.653 Y=-4055.138 Z=28.674), Max=(X=4867.075 Y=-4007.653 Z=681.355) RuntimeGrid:None EditorOnly:0 RuntimeOnly:0 HLODRelevant:1
 |   |   |- Guid:AB9DAD864883DDCC54E1FCA4957A252B BaseClass: NativeClass:/Script/Engine.StaticMeshActor Name:StaticMeshActor_UAID_B025AA4DD6C4B9FE01_1559556970 Label:dirty_Floor10 SpatiallyLoaded:1 Bounds:IsValid=true, Min=(X=1356.727 Y=1586.288 Z=-23.841), Max=(X=2267.277 Y=2775.285 Z=23.841) RuntimeGrid:None EditorOnly:0 RuntimeOnly:0 HLODRelevant:1
 |   |   |- Guid:AF5594AD4B9671452C77698E8F9C436D BaseClass: NativeClass:/Script/Engine.StaticMeshActor Name:StaticMeshActor_UAID_B025AA4DD6C4BAFE01_1489563186 Label:dirty_Doors_Cube_48 SpatiallyLoaded:1 Bounds:IsValid=true, Min=(X=4787.000 Y=40.178 Z=28.674), Max=(X=4834.485 Y=678.600 Z=681.355) RuntimeGrid:None EditorOnly:0 RuntimeOnly:0 HLODRelevant:1
 |   |   |- Guid:B0846FB941A62F81E9B1F9BB035723F9 BaseClass: NativeClass:/Script/Engine.StaticMeshActor Name:StaticMeshActor_UAID_B025AA4DD6C4BAFE01_1427595173 Label:dirty_Doors_Cube_35 SpatiallyLoaded:1 Bounds:IsValid=true, Min=(X=5435.635 Y=-4055.138 Z=28.674), Max=(X=6074.058 Y=-4007.653 Z=681.355) RuntimeGrid:None EditorOnly:0 RuntimeOnly:0 HLODRelevant:1
 |   |   |- Guid:B2D16DA44A6544E6CE6910A82C43204B BaseClass: NativeClass:/Script/Engine.StaticMeshActor Name:StaticMeshActor_UAID_B025AA4DD6C4BAFE01_1419017171 Label:dirty_Doors_Cube_33 SpatiallyLoaded:1 Bounds:IsValid=true, Min=(X=5891.784 Y=-1747.136 Z=28.674), Max=(X=6530.207 Y=-1699.652 Z=681.355) RuntimeGrid:None EditorOnly:0 RuntimeOnly:0 HLODRelevant:1
 |   |   |- Guid:B50D5F0E432D9979F885BE8CAA9CBB77 BaseClass: NativeClass:/Script/Engine.StaticMeshActor Name:StaticMeshActor_UAID_B025AA4DD6C4B9FE01_1610831980 Label:dirty_Doors_Cube_28 SpatiallyLoaded:1 Bounds:IsValid=true, Min=(X=498.358 Y=599.389 Z=-30.506), Max=(X=545.842 Y=1237.812 Z=622.174) RuntimeGrid:None EditorOnly:0 RuntimeOnly:0 HLODRelevant:1
 |   |   |- Guid:B8F9A66E4CCA19AFF417CAABBC6D9535 BaseClass: NativeClass:/Script/Engine.StaticMeshActor Name:StaticMeshActor_UAID_B025AA4DD6C4B9FE01_1550924968 Label:dirty_Floor8 SpatiallyLoaded:1 Bounds:IsValid=true, Min=(X=457.217 Y=409.121 Z=-23.841), Max=(X=1367.768 Y=1598.118 Z=23.841) RuntimeGrid:None EditorOnly:0 RuntimeOnly:0 HLODRelevant:1
 |   |   |- Guid:BA729E704FB9CC58F543C6BB432DDC0D BaseClass: NativeClass:/Script/Engine.StaticMeshActor Name:StaticMeshActor_UAID_B025AA4DD6C4B9FE01_1262464953 Label:dirty_Doors_Cube_9 SpatiallyLoaded:1 Bounds:IsValid=true, Min=(X=2045.791 Y=537.516 Z=-30.506), Max=(X=2684.214 Y=585.001 Z=622.174) RuntimeGrid:None EditorOnly:0 RuntimeOnly:0 HLODRelevant:1
 |   |   |- Guid:BD3BAEAB4F4798F17F55D699A60840B4 BaseClass: NativeClass:/Script/Engine.StaticMeshActor Name:StaticMeshActor_UAID_B025AA4DD6C4B9FE01_1606258979 Label:dirty_Doors_Cube_27 SpatiallyLoaded:1 Bounds:IsValid=true, Min=(X=488.402 Y=2456.499 Z=-30.506), Max=(X=1126.825 Y=2503.983 Z=622.174) RuntimeGrid:None EditorOnly:0 RuntimeOnly:0 HLODRelevant:1
 |   |   |- Guid:BDB0C03C4F5BA206B9B2CF9A479988B0 BaseClass: NativeClass:/Script/Engine.StaticMeshActor Name:StaticMeshActor_UAID_B025AA4DD6C4B9FE01_1258321951 Label:dirty_Doors_Cube_7 SpatiallyLoaded:1 Bounds:IsValid=true, Min=(X=798.051 Y=537.516 Z=-30.506), Max=(X=1436.474 Y=585.001 Z=622.174) RuntimeGrid:None EditorOnly:0 RuntimeOnly:0 HLODRelevant:1
 |   |   |- Guid:BEF7557B4C5519F6EC1B57B711674017 BaseClass: NativeClass:/Script/Engine.StaticMeshActor Name:StaticMeshActor_UAID_B025AA4DD6C4BAFE01_1384974168 Label:dirty_Floor19 SpatiallyLoaded:1 Bounds:IsValid=true, Min=(X=3891.736 Y=-4040.522 Z=-23.841), Max=(X=4802.286 Y=-2851.525 Z=23.841) RuntimeGrid:None EditorOnly:0 RuntimeOnly:0 HLODRelevant:1
 |   |   |- Guid:C0C56B9644AE3D40CAFF6A878DB29844 BaseClass: NativeClass:/Script/Engine.StaticMeshActor Name:StaticMeshActor_UAID_A4AE111137DC5EFB00_2001720423 Label:SM_SkySphere SpatiallyLoaded:0 Bounds:IsValid=true, Min=(X=-1638400.000 Y=-1638400.000 Z=-1638400.000), Max=(X=1638400.000 Y=1638400.000 Z=1638400.000) RuntimeGrid:None EditorOnly:0 RuntimeOnly:0 HLODRelevant:1 FolderPath:Lighting FolderGuid:0BA5F0A04EADB18E70D5B180D08FA34B
 |   |   |- Guid:C105B7F849873A72687562B2E5E1DCE2 BaseClass: NativeClass:/Script/Niagara.NiagaraActor Name:NiagaraActor_UAID_B025AA4DD6C4B9FE01_1642477983 Label:NS_Rocks SpatiallyLoaded:1 Bounds:IsValid=true, Min=(X=1687.119 Y=1543.806 Z=-5.570), Max=(X=1873.569 Y=1674.234 Z=223.138) RuntimeGrid:None EditorOnly:0 RuntimeOnly:0 HLODRelevant:0
 |   |   |- Guid:C22CE07C4B87D685137FDBBC10FC92C6 BaseClass: NativeClass:/Script/Engine.SkyAtmosphere Name:SkyAtmosphere_0 Label:SkyAtmosphere SpatiallyLoaded:0 Bounds:IsValid=true, Min=(X=0.000 Y=0.000 Z=1020.000), Max=(X=0.000 Y=0.000 Z=1020.000) RuntimeGrid:None EditorOnly:0 RuntimeOnly:0 HLODRelevant:0 FolderPath:Lighting FolderGuid:0BA5F0A04EADB18E70D5B180D08FA34B
 |   |   |- Guid:C8F3C0244BD3525B21187AA9B49F1BD7 BaseClass: NativeClass:/Script/Engine.StaticMeshActor Name:StaticMeshActor_UAID_B025AA4DD6C4BAFE01_1436576175 Label:dirty_Doors_Cube_37 SpatiallyLoaded:1 Bounds:IsValid=true, Min=(X=3891.382 Y=-1198.404 Z=28.674), Max=(X=3938.866 Y=-559.981 Z=681.355) RuntimeGrid:None EditorOnly:0 RuntimeOnly:0 HLODRelevant:1
 |   |   |- Guid:CE8D82634660FCDB3120E2B8D547C533 BaseClass: NativeClass:/Script/Engine.PostProcessVolume Name:PostProcessVolume_0 Label:PostProcessVolume SpatiallyLoaded:0 Bounds:IsValid=true, Min=(X=0.000 Y=0.000 Z=400.000), Max=(X=200.000 Y=200.000 Z=600.000) RuntimeGrid:None EditorOnly:0 RuntimeOnly:0 HLODRelevant:0 FolderPath:Lighting FolderGuid:0BA5F0A04EADB18E70D5B180D08FA34B
 |   |   |- Guid:CF1C9E0E4BB25171A0AD57A44B79B240 BaseClass: NativeClass:/Script/Engine.StaticMeshActor Name:StaticMeshActor_UAID_B025AA4DD6C4BAFE01_1463223179 Label:dirty_Doors_Cube_41 SpatiallyLoaded:1 Bounds:IsValid=true, Min=(X=3891.382 Y=-3660.971 Z=28.674), Max=(X=3938.866 Y=-3022.548 Z=681.355) RuntimeGrid:None EditorOnly:0 RuntimeOnly:0 HLODRelevant:1
 |   |   |- Guid:D4A11BC34D1C7C52B6A1D790C227B525 BaseClass: NativeClass:/Script/Engine.StaticMeshActor Name:StaticMeshActor_UAID_B025AA4DD6C4BAFE01_1349719161 Label:dirty_Floor12 SpatiallyLoaded:1 Bounds:IsValid=true, Min=(X=3893.250 Y=-599.907 Z=-23.841), Max=(X=4803.801 Y=589.090 Z=23.841) RuntimeGrid:None EditorOnly:0 RuntimeOnly:0 HLODRelevant:1
 |   |   |- Guid:D553D7D648D1E51541FD81B45BE71159 BaseClass: NativeClass:/Script/Engine.StaticMeshActor Name:StaticMeshActor_UAID_B025AA4DD6C4B9FE01_1276675959 Label:dirty_Doors_Cube_15 SpatiallyLoaded:1 Bounds:IsValid=true, Min=(X=1420.941 Y=-592.008 Z=-30.506), Max=(X=2059.364 Y=-544.524 Z=622.174) RuntimeGrid:None EditorOnly:0 RuntimeOnly:0 HLODRelevant:1
 |   |   |- Guid:E2F068454B0DD750A5BBCD96FC673BCC BaseClass: NativeClass:/Script/Engine.StaticMeshActor Name:StaticMeshActor_UAID_B025AA4DD6C4BAFE01_1427596174 Label:dirty_Doors_Cube_36 SpatiallyLoaded:1 Bounds:IsValid=true, Min=(X=5891.784 Y=-4055.138 Z=28.674), Max=(X=6530.207 Y=-4007.653 Z=681.355) RuntimeGrid:None EditorOnly:0 RuntimeOnly:0 HLODRelevant:1
 |   |   |- Guid:E435F34048682F7A1336ED9B0A76D5FE BaseClass: NativeClass:/Script/Engine.StaticMeshActor Name:StaticMeshActor_UAID_B025AA4DD6C4B9FE01_1276675958 Label:dirty_Doors_Cube_14 SpatiallyLoaded:1 Bounds:IsValid=true, Min=(X=798.051 Y=-592.008 Z=-30.506), Max=(X=1436.474 Y=-544.524 Z=622.174) RuntimeGrid:None EditorOnly:0 RuntimeOnly:0 HLODRelevant:1
 |   |   |- Guid:E5320C1B4FD9764CE7B54D8487AEC613 BaseClass: NativeClass:/Script/Engine.SkyLight Name:SkyLight_0 Label:SkyLight SpatiallyLoaded:0 Bounds:IsValid=true, Min=(X=0.000 Y=0.000 Z=690.000), Max=(X=0.000 Y=0.000 Z=690.000) RuntimeGrid:None EditorOnly:0 RuntimeOnly:0 HLODRelevant:0 FolderPath:Lighting FolderGuid:0BA5F0A04EADB18E70D5B180D08FA34B
 |   |   |- Guid:E601FFBB42D16204990021A1837F9515 BaseClass: NativeClass:/Script/Engine.StaticMeshActor Name:StaticMeshActor_UAID_B025AA4DD6C4B9FE01_1303745963 Label:window SpatiallyLoaded:1 Bounds:IsValid=true, Min=(X=1441.290 Y=538.350 Z=95.437), Max=(X=2039.958 Y=601.437 Z=504.741) RuntimeGrid:None EditorOnly:0 RuntimeOnly:0 HLODRelevant:1
 |   |   |- Guid:E6ECBB2946DF9DF9E2B63AA1269E220E BaseClass: NativeClass:/Script/Engine.StaticMeshActor Name:StaticMeshActor_UAID_B025AA4DD6C4B9FE01_1603054977 Label:dirty_Doors_Cube_25 SpatiallyLoaded:1 Bounds:IsValid=true, Min=(X=1745.211 Y=2456.499 Z=-30.506), Max=(X=2383.634 Y=2503.983 Z=622.174) RuntimeGrid:None EditorOnly:0 RuntimeOnly:0 HLODRelevant:1
 |   |   |- Guid:E9D13E2941D51E8F6F12B3AC9284D4CD BaseClass: NativeClass:/Script/Engine.StaticMeshActor Name:StaticMeshActor_UAID_B025AA4DD6C4B9FE01_1545577966 Label:dirty_Floor6 SpatiallyLoaded:1 Bounds:IsValid=true, Min=(X=1356.727 Y=409.121 Z=-23.841), Max=(X=2267.277 Y=1598.118 Z=23.841) RuntimeGrid:None EditorOnly:0 RuntimeOnly:0 HLODRelevant:1
 |   |   |- Guid:ECCFD75248DB9BC32552FA8E3D7189C6 BaseClass: NativeClass:/Script/Engine.StaticMeshActor Name:StaticMeshActor_UAID_B025AA4DD6C4B9FE01_1276674957 Label:dirty_Doors_Cube_13 SpatiallyLoaded:1 Bounds:IsValid=true, Min=(X=176.093 Y=-592.008 Z=-30.506), Max=(X=814.516 Y=-544.524 Z=622.174) RuntimeGrid:None EditorOnly:0 RuntimeOnly:0 HLODRelevant:1
 |   |   |- Guid:F17374DB41575637686C06BF3D7EC057 BaseClass: NativeClass:/Script/Engine.StaticMeshActor Name:StaticMeshActor_UAID_B025AA4DD6C4B9FE01_1240541949 Label:dirty_Doors_Cube_005 SpatiallyLoaded:1 Bounds:IsValid=true, Min=(X=-449.346 Y=537.516 Z=-30.506), Max=(X=189.077 Y=585.001 Z=622.174) RuntimeGrid:None EditorOnly:0 RuntimeOnly:0 HLODRelevant:1
 |   |   |- Guid:F80621C9446867154938FE81375207DA BaseClass: NativeClass:/Script/Engine.DirectionalLight Name:DirectionalLight_1 Label:DirectionalLight SpatiallyLoaded:0 Bounds:IsValid=true, Min=(X=-4398046511104.000 Y=-4398046511104.000 Z=-4398046511104.000), Max=(X=4398046511104.000 Y=4398046511104.000 Z=4398046511104.000) RuntimeGrid:None EditorOnly:0 RuntimeOnly:0 HLODRelevant:0 FolderPath:Lighting FolderGuid:0BA5F0A04EADB18E70D5B180D08FA34B
 |   |   |- Guid:FB7F66564AAC86BC6A6136BAFC9A9038 BaseClass: NativeClass:/Script/Engine.StaticMeshActor Name:StaticMeshActor_UAID_B025AA4DD6C4B9FE01_1588624973 Label:dirty_Doors_Cube_21 SpatiallyLoaded:1 Bounds:IsValid=true, Min=(X=2968.259 Y=1204.795 Z=-30.506), Max=(X=3015.743 Y=1843.218 Z=622.174) RuntimeGrid:None EditorOnly:0 RuntimeOnly:0 HLODRelevant:1
 |   |   |- Guid:FF26E65C4B3A66B6077897B558D6F781 BaseClass: NativeClass:/Script/Engine.StaticMeshActor Name:StaticMeshActor_UAID_B025AA4DD6C4B9FE01_1610832982 Label:dirty_Doors_Cube_30 SpatiallyLoaded:1 Bounds:IsValid=true, Min=(X=498.358 Y=1829.001 Z=-30.506), Max=(X=545.842 Y=2467.424 Z=622.174) RuntimeGrid:None EditorOnly:0 RuntimeOnly:0 HLODRelevant:1
 |   |- [+] Clusters:
 |   |   |- [+] [  0]
 |   |   |   |- Guid:18481798407401F435AC72931D9F2817 BaseClass: NativeClass:/Script/Engine.StaticMeshActor Name:StaticMeshActor_UAID_B025AA4DD6C4BAFE01_1456575176 Label:dirty_Doors_Cube_38 SpatiallyLoaded:1 Bounds:IsValid=true, Min=(X=3891.382 Y=-1791.938 Z=28.674), Max=(X=3938.866 Y=-1153.515 Z=681.355) RuntimeGrid:None EditorOnly:0 RuntimeOnly:0 HLODRelevant:1
 |   |   |- [+] [  1]
 |   |   |   |- Guid:C8F3C0244BD3525B21187AA9B49F1BD7 BaseClass: NativeClass:/Script/Engine.StaticMeshActor Name:StaticMeshActor_UAID_B025AA4DD6C4BAFE01_1436576175 Label:dirty_Doors_Cube_37 SpatiallyLoaded:1 Bounds:IsValid=true, Min=(X=3891.382 Y=-1198.404 Z=28.674), Max=(X=3938.866 Y=-559.981 Z=681.355) RuntimeGrid:None EditorOnly:0 RuntimeOnly:0 HLODRelevant:1
 |   |   |- [+] [  2]
 |   |   |   |- Guid:E2F068454B0DD750A5BBCD96FC673BCC BaseClass: NativeClass:/Script/Engine.StaticMeshActor Name:StaticMeshActor_UAID_B025AA4DD6C4BAFE01_1427596174 Label:dirty_Doors_Cube_36 SpatiallyLoaded:1 Bounds:IsValid=true, Min=(X=5891.784 Y=-4055.138 Z=28.674), Max=(X=6530.207 Y=-4007.653 Z=681.355) RuntimeGrid:None EditorOnly:0 RuntimeOnly:0 HLODRelevant:1
 |   |   |- [+] [  3]
 |   |   |   |- Guid:61391D344900612A77DFC3BA3E354907 BaseClass: NativeClass:/Script/Engine.ExponentialHeightFog Name:ExponentialHeightFog_0 Label:ExponentialHeightFog SpatiallyLoaded:0 Bounds:IsValid=true, Min=(X=-5600.000 Y=-50.000 Z=-6850.000), Max=(X=-5600.000 Y=-50.000 Z=-6850.000) RuntimeGrid:None EditorOnly:0 RuntimeOnly:0 HLODRelevant:0 FolderPath:Lighting FolderGuid:0BA5F0A04EADB18E70D5B180D08FA34B
 |   |   |- [+] [  4]
 |   |   |   |- Guid:5FE7584649BB6F09265329A6C57CFD0D BaseClass: NativeClass:/Script/Engine.VolumetricCloud Name:VolumetricCloud_0 Label:VolumetricCloud SpatiallyLoaded:0 Bounds:IsValid=true, Min=(X=0.000 Y=0.000 Z=820.000), Max=(X=0.000 Y=0.000 Z=820.000) RuntimeGrid:None EditorOnly:0 RuntimeOnly:0 HLODRelevant:0 FolderPath:Lighting FolderGuid:0BA5F0A04EADB18E70D5B180D08FA34B
 |   |   |- [+] [  5]
 |   |   |   |- Guid:B0846FB941A62F81E9B1F9BB035723F9 BaseClass: NativeClass:/Script/Engine.StaticMeshActor Name:StaticMeshActor_UAID_B025AA4DD6C4BAFE01_1427595173 Label:dirty_Doors_Cube_35 SpatiallyLoaded:1 Bounds:IsValid=true, Min=(X=5435.635 Y=-4055.138 Z=28.674), Max=(X=6074.058 Y=-4007.653 Z=681.355) RuntimeGrid:None EditorOnly:0 RuntimeOnly:0 HLODRelevant:1
 |   |   |- [+] [  6]
 |   |   |   |- Guid:5F657779473E2D6450523DB130D3B4FD BaseClass: NativeClass:/Script/Engine.StaticMeshActor Name:StaticMeshActor_UAID_B025AA4DD6C4BAFE01_1676271194 Label:dirty_Doors_Cube_55 SpatiallyLoaded:1 Bounds:IsValid=true, Min=(X=4784.034 Y=-4052.813 Z=32.020), Max=(X=5422.457 Y=-4005.329 Z=684.700) RuntimeGrid:None EditorOnly:0 RuntimeOnly:0 HLODRelevant:1
 |   |   |- [+] [  7]
 |   |   |   |- Guid:F80621C9446867154938FE81375207DA BaseClass: NativeClass:/Script/Engine.DirectionalLight Name:DirectionalLight_1 Label:DirectionalLight SpatiallyLoaded:0 Bounds:IsValid=true, Min=(X=-4398046511104.000 Y=-4398046511104.000 Z=-4398046511104.000), Max=(X=4398046511104.000 Y=4398046511104.000 Z=4398046511104.000) RuntimeGrid:None EditorOnly:0 RuntimeOnly:0 HLODRelevant:0 FolderPath:Lighting FolderGuid:0BA5F0A04EADB18E70D5B180D08FA34B
 |   |   |- [+] [  8]
 |   |   |   |- Guid:B2D16DA44A6544E6CE6910A82C43204B BaseClass: NativeClass:/Script/Engine.StaticMeshActor Name:StaticMeshActor_UAID_B025AA4DD6C4BAFE01_1419017171 Label:dirty_Doors_Cube_33 SpatiallyLoaded:1 Bounds:IsValid=true, Min=(X=5891.784 Y=-1747.136 Z=28.674), Max=(X=6530.207 Y=-1699.652 Z=681.355) RuntimeGrid:None EditorOnly:0 RuntimeOnly:0 HLODRelevant:1
 |   |   |- [+] [  9]
 |   |   |   |- Guid:343D3C7F41513BF661B83F96DE1B9D48 BaseClass: NativeClass:/Script/Engine.StaticMeshActor Name:StaticMeshActor_UAID_B025AA4DD6C4BAFE01_1416804170 Label:dirty_Doors_Cube_32 SpatiallyLoaded:1 Bounds:IsValid=true, Min=(X=5435.635 Y=-1747.136 Z=28.674), Max=(X=6074.058 Y=-1699.652 Z=681.355) RuntimeGrid:None EditorOnly:0 RuntimeOnly:0 HLODRelevant:1
 |   |   |- [+] [ 10]
 |   |   |   |- Guid:5A7F600F47FF1D8F8DDE94BB2A75E578 BaseClass: NativeClass:/Script/Engine.StaticMeshActor Name:StaticMeshActor_UAID_B025AA4DD6C4BAFE01_1403760169 Label:dirty_Doors_Cube_31 SpatiallyLoaded:1 Bounds:IsValid=true, Min=(X=4809.833 Y=-1747.136 Z=28.674), Max=(X=5448.256 Y=-1699.652 Z=681.355) RuntimeGrid:None EditorOnly:0 RuntimeOnly:0 HLODRelevant:1
 |   |   |- [+] [ 11]
 |   |   |   |- Guid:BEF7557B4C5519F6EC1B57B711674017 BaseClass: NativeClass:/Script/Engine.StaticMeshActor Name:StaticMeshActor_UAID_B025AA4DD6C4BAFE01_1384974168 Label:dirty_Floor19 SpatiallyLoaded:1 Bounds:IsValid=true, Min=(X=3891.736 Y=-4040.522 Z=-23.841), Max=(X=4802.286 Y=-2851.525 Z=23.841) RuntimeGrid:None EditorOnly:0 RuntimeOnly:0 HLODRelevant:1
 |   |   |- [+] [ 12]
 |   |   |   |- Guid:52B33106424371B610AAE485CAF2A391 BaseClass: NativeClass:/Script/Engine.StaticMeshActor Name:StaticMeshActor_UAID_B025AA4DD6C4BAFE01_1383120167 Label:dirty_Floor18 SpatiallyLoaded:1 Bounds:IsValid=true, Min=(X=4765.203 Y=-4040.522 Z=-23.841), Max=(X=5675.753 Y=-2851.525 Z=23.841) RuntimeGrid:None EditorOnly:0 RuntimeOnly:0 HLODRelevant:1
 |   |   |- [+] [ 13]
 |   |   |   |- Guid:493C091E43862E12CC40D68268F15CE5 BaseClass: NativeClass:/Script/Engine.StaticMeshActor Name:StaticMeshActor_UAID_B025AA4DD6C4BAFE01_1381121166 Label:dirty_Floor17 SpatiallyLoaded:1 Bounds:IsValid=true, Min=(X=5620.023 Y=-4040.522 Z=-23.841), Max=(X=6530.574 Y=-2851.525 Z=23.841) RuntimeGrid:None EditorOnly:0 RuntimeOnly:0 HLODRelevant:1
 |   |   |- [+] [ 14]
 |   |   |   |- Guid:9B4F6E69409BBA4A57490D8EAFAC24C0 BaseClass: NativeClass:/Script/Engine.StaticMeshActor Name:StaticMeshActor_UAID_B025AA4DD6C4BAFE01_1372634165 Label:dirty_Floor16 SpatiallyLoaded:1 Bounds:IsValid=true, Min=(X=5620.023 Y=-2915.137 Z=-23.841), Max=(X=6530.574 Y=-1726.140 Z=23.841) RuntimeGrid:None EditorOnly:0 RuntimeOnly:0 HLODRelevant:1
 |   |   |- [+] [ 15]
 |   |   |   |- Guid:60748FCB40173DAC6E943F95FEB36161 BaseClass: NativeClass:/Script/Engine.StaticMeshActor Name:StaticMeshActor_UAID_B025AA4DD6C4BAFE01_1369145164 Label:dirty_Floor15 SpatiallyLoaded:1 Bounds:IsValid=true, Min=(X=4734.334 Y=-2915.137 Z=-23.841), Max=(X=5644.884 Y=-1726.140 Z=23.841) RuntimeGrid:None EditorOnly:0 RuntimeOnly:0 HLODRelevant:1
 |   |   |- [+] [ 16]
 |   |   |   |- Guid:94308C0740B4E8CB24A5BB81187DC2EA BaseClass: NativeClass:/Script/Engine.StaticMeshActor Name:StaticMeshActor_UAID_B025AA4DD6C4BAFE01_1362381163 Label:dirty_Floor14 SpatiallyLoaded:1 Bounds:IsValid=true, Min=(X=3893.250 Y=-2915.137 Z=-23.841), Max=(X=4803.801 Y=-1726.140 Z=23.841) RuntimeGrid:None EditorOnly:0 RuntimeOnly:0 HLODRelevant:1
 |   |   |- [+] [ 17]
 |   |   |   |- Guid:012D551F49205F03F57C859141BCAD93 BaseClass: NativeClass:/Script/Engine.StaticMeshActor Name:StaticMeshActor_UAID_B025AA4DD6C4BAFE01_1355389162 Label:dirty_Floor13 SpatiallyLoaded:1 Bounds:IsValid=true, Min=(X=3893.250 Y=-1770.933 Z=-23.841), Max=(X=4803.801 Y=-581.936 Z=23.841) RuntimeGrid:None EditorOnly:0 RuntimeOnly:0 HLODRelevant:1
 |   |   |- [+] [ 18]
 |   |   |   |- Guid:D4A11BC34D1C7C52B6A1D790C227B525 BaseClass: NativeClass:/Script/Engine.StaticMeshActor Name:StaticMeshActor_UAID_B025AA4DD6C4BAFE01_1349719161 Label:dirty_Floor12 SpatiallyLoaded:1 Bounds:IsValid=true, Min=(X=3893.250 Y=-599.907 Z=-23.841), Max=(X=4803.801 Y=589.090 Z=23.841) RuntimeGrid:None EditorOnly:0 RuntimeOnly:0 HLODRelevant:1
 |   |   |- [+] [ 19]
 |   |   |   |- Guid:43A6BD4846CB71633C43B88B990A4AF3 BaseClass: NativeClass:/Script/Engine.SkeletalMeshActor Name:SkeletalMeshActor_UAID_B025AA4DD6C4B9FE01_1656631984 Label:SK_Mannequin SpatiallyLoaded:1 Bounds:IsValid=true, Min=(X=1648.722 Y=1325.639 Z=14.898), Max=(X=1747.675 Y=1469.747 Z=203.262) RuntimeGrid:None EditorOnly:0 RuntimeOnly:0 HLODRelevant:0
 |   |   |- [+] [ 20]
 |   |   |   |- Guid:C105B7F849873A72687562B2E5E1DCE2 BaseClass: NativeClass:/Script/Niagara.NiagaraActor Name:NiagaraActor_UAID_B025AA4DD6C4B9FE01_1642477983 Label:NS_Rocks SpatiallyLoaded:1 Bounds:IsValid=true, Min=(X=1687.119 Y=1543.806 Z=-5.570), Max=(X=1873.569 Y=1674.234 Z=223.138) RuntimeGrid:None EditorOnly:0 RuntimeOnly:0 HLODRelevant:0
 |   |   |- [+] [ 21]
 |   |   |   |- Guid:FF26E65C4B3A66B6077897B558D6F781 BaseClass: NativeClass:/Script/Engine.StaticMeshActor Name:StaticMeshActor_UAID_B025AA4DD6C4B9FE01_1610832982 Label:dirty_Doors_Cube_30 SpatiallyLoaded:1 Bounds:IsValid=true, Min=(X=498.358 Y=1829.001 Z=-30.506), Max=(X=545.842 Y=2467.424 Z=622.174) RuntimeGrid:None EditorOnly:0 RuntimeOnly:0 HLODRelevant:1
 |   |   |- [+] [ 22]
 |   |   |   |- Guid:274BBBCC4A84B2B37DB22F886A599C54 BaseClass: NativeClass:/Script/Engine.StaticMeshActor Name:StaticMeshActor_UAID_B025AA4DD6C4B9FE01_1610832981 Label:dirty_Doors_Cube_29 SpatiallyLoaded:1 Bounds:IsValid=true, Min=(X=498.358 Y=1204.795 Z=-30.506), Max=(X=545.842 Y=1843.218 Z=622.174) RuntimeGrid:None EditorOnly:0 RuntimeOnly:0 HLODRelevant:1
 |   |   |- [+] [ 23]
 |   |   |   |- Guid:B50D5F0E432D9979F885BE8CAA9CBB77 BaseClass: NativeClass:/Script/Engine.StaticMeshActor Name:StaticMeshActor_UAID_B025AA4DD6C4B9FE01_1610831980 Label:dirty_Doors_Cube_28 SpatiallyLoaded:1 Bounds:IsValid=true, Min=(X=498.358 Y=599.389 Z=-30.506), Max=(X=545.842 Y=1237.812 Z=622.174) RuntimeGrid:None EditorOnly:0 RuntimeOnly:0 HLODRelevant:1
 |   |   |- [+] [ 24]
 |   |   |   |- Guid:BD3BAEAB4F4798F17F55D699A60840B4 BaseClass: NativeClass:/Script/Engine.StaticMeshActor Name:StaticMeshActor_UAID_B025AA4DD6C4B9FE01_1606258979 Label:dirty_Doors_Cube_27 SpatiallyLoaded:1 Bounds:IsValid=true, Min=(X=488.402 Y=2456.499 Z=-30.506), Max=(X=1126.825 Y=2503.983 Z=622.174) RuntimeGrid:None EditorOnly:0 RuntimeOnly:0 HLODRelevant:1
 |   |   |- [+] [ 25]
 |   |   |   |- Guid:E5320C1B4FD9764CE7B54D8487AEC613 BaseClass: NativeClass:/Script/Engine.SkyLight Name:SkyLight_0 Label:SkyLight SpatiallyLoaded:0 Bounds:IsValid=true, Min=(X=0.000 Y=0.000 Z=690.000), Max=(X=0.000 Y=0.000 Z=690.000) RuntimeGrid:None EditorOnly:0 RuntimeOnly:0 HLODRelevant:0 FolderPath:Lighting FolderGuid:0BA5F0A04EADB18E70D5B180D08FA34B
 |   |   |- [+] [ 26]
 |   |   |   |- Guid:1754A11F4E8D86BEF4CD199FBAB7923C BaseClass: NativeClass:/Script/Engine.StaticMeshActor Name:StaticMeshActor_UAID_B025AA4DD6C4B9FE01_1604556978 Label:dirty_Doors_Cube_26 SpatiallyLoaded:1 Bounds:IsValid=true, Min=(X=1108.263 Y=2456.499 Z=-30.506), Max=(X=1746.686 Y=2503.983 Z=622.174) RuntimeGrid:None EditorOnly:0 RuntimeOnly:0 HLODRelevant:1
 |   |   |- [+] [ 27]
 |   |   |   |- Guid:E6ECBB2946DF9DF9E2B63AA1269E220E BaseClass: NativeClass:/Script/Engine.StaticMeshActor Name:StaticMeshActor_UAID_B025AA4DD6C4B9FE01_1603054977 Label:dirty_Doors_Cube_25 SpatiallyLoaded:1 Bounds:IsValid=true, Min=(X=1745.211 Y=2456.499 Z=-30.506), Max=(X=2383.634 Y=2503.983 Z=622.174) RuntimeGrid:None EditorOnly:0 RuntimeOnly:0 HLODRelevant:1
 |   |   |- [+] [ 28]
 |   |   |   |- Guid:31DA4BA0465575D9C9447DBB8434D296 BaseClass: NativeClass:/Script/Engine.StaticMeshActor Name:StaticMeshActor_UAID_B025AA4DD6C4B9FE01_1597204976 Label:dirty_Doors_Cube_24 SpatiallyLoaded:1 Bounds:IsValid=true, Min=(X=2361.015 Y=2456.499 Z=-30.506), Max=(X=2999.438 Y=2503.983 Z=622.174) RuntimeGrid:None EditorOnly:0 RuntimeOnly:0 HLODRelevant:1
 |   |   |- [+] [ 29]
 |   |   |   |- Guid:329474FD4187C3DD20C16A8CAC203745 BaseClass: NativeClass:/Script/Engine.StaticMeshActor Name:StaticMeshActor_UAID_B025AA4DD6C4B9FE01_1591769975 Label:dirty_Doors_Cube_23 SpatiallyLoaded:1 Bounds:IsValid=true, Min=(X=2968.259 Y=1829.001 Z=-30.506), Max=(X=3015.743 Y=2467.424 Z=622.174) RuntimeGrid:None EditorOnly:0 RuntimeOnly:0 HLODRelevant:1
 |   |   |- [+] [ 30]
 |   |   |   |- Guid:649DB01C428EFAECBFD428AC55BEF72A BaseClass: NativeClass:/Script/Engine.StaticMeshActor Name:StaticMeshActor_UAID_B025AA4DD6C4B9FE01_1590278974 Label:dirty_Doors_Cube_22 SpatiallyLoaded:1 Bounds:IsValid=true, Min=(X=2968.259 Y=1829.001 Z=-30.506), Max=(X=3015.743 Y=2467.424 Z=622.174) RuntimeGrid:None EditorOnly:0 RuntimeOnly:0 HLODRelevant:1
 |   |   |- [+] [ 31]
 |   |   |   |- Guid:FB7F66564AAC86BC6A6136BAFC9A9038 BaseClass: NativeClass:/Script/Engine.StaticMeshActor Name:StaticMeshActor_UAID_B025AA4DD6C4B9FE01_1588624973 Label:dirty_Doors_Cube_21 SpatiallyLoaded:1 Bounds:IsValid=true, Min=(X=2968.259 Y=1204.795 Z=-30.506), Max=(X=3015.743 Y=1843.218 Z=622.174) RuntimeGrid:None EditorOnly:0 RuntimeOnly:0 HLODRelevant:1
 |   |   |- [+] [ 32]
 |   |   |   |- Guid:962A293B453654D20B5A57A12849D99A BaseClass: NativeClass:/Script/Engine.StaticMeshActor Name:StaticMeshActor_UAID_B025AA4DD6C4B9FE01_1576011972 Label:dirty_Doors_Cube_20 SpatiallyLoaded:1 Bounds:IsValid=true, Min=(X=2968.259 Y=599.389 Z=-30.506), Max=(X=3015.743 Y=1237.812 Z=622.174) RuntimeGrid:None EditorOnly:0 RuntimeOnly:0 HLODRelevant:1
 |   |   |- [+] [ 33]
 |   |   |   |- Guid:1BD93E7E41967FA2B12A5DB2E992456F BaseClass: NativeClass:/Script/Engine.StaticMeshActor Name:StaticMeshActor_UAID_B025AA4DD6C4B9FE01_1563964971 Label:dirty_Floor11 SpatiallyLoaded:1 Bounds:IsValid=true, Min=(X=2221.707 Y=1584.158 Z=-23.841), Max=(X=3132.258 Y=2773.155 Z=23.841) RuntimeGrid:None EditorOnly:0 RuntimeOnly:0 HLODRelevant:1
 |   |   |- [+] [ 34]
 |   |   |   |- Guid:AB9DAD864883DDCC54E1FCA4957A252B BaseClass: NativeClass:/Script/Engine.StaticMeshActor Name:StaticMeshActor_UAID_B025AA4DD6C4B9FE01_1559556970 Label:dirty_Floor10 SpatiallyLoaded:1 Bounds:IsValid=true, Min=(X=1356.727 Y=1586.288 Z=-23.841), Max=(X=2267.277 Y=2775.285 Z=23.841) RuntimeGrid:None EditorOnly:0 RuntimeOnly:0 HLODRelevant:1
 |   |   |- [+] [ 35]
 |   |   |   |- Guid:4E04101F4AF261A45143B88CB93F9930 BaseClass: NativeClass:/Script/Engine.StaticMeshActor Name:StaticMeshActor_UAID_B025AA4DD6C4B9FE01_1556964969 Label:dirty_Floor9 SpatiallyLoaded:1 Bounds:IsValid=true, Min=(X=457.217 Y=1562.397 Z=-23.841), Max=(X=1367.768 Y=2751.394 Z=23.841) RuntimeGrid:None EditorOnly:0 RuntimeOnly:0 HLODRelevant:1
 |   |   |- [+] [ 36]
 |   |   |   |- Guid:B8F9A66E4CCA19AFF417CAABBC6D9535 BaseClass: NativeClass:/Script/Engine.StaticMeshActor Name:StaticMeshActor_UAID_B025AA4DD6C4B9FE01_1550924968 Label:dirty_Floor8 SpatiallyLoaded:1 Bounds:IsValid=true, Min=(X=457.217 Y=409.121 Z=-23.841), Max=(X=1367.768 Y=1598.118 Z=23.841) RuntimeGrid:None EditorOnly:0 RuntimeOnly:0 HLODRelevant:1
 |   |   |- [+] [ 37]
 |   |   |   |- Guid:58978D43425D47A73452429CA636B752 BaseClass: NativeClass:/Script/Engine.StaticMeshActor Name:StaticMeshActor_UAID_B025AA4DD6C4B9FE01_1548537967 Label:dirty_Floor7 SpatiallyLoaded:1 Bounds:IsValid=true, Min=(X=2221.707 Y=409.121 Z=-23.841), Max=(X=3132.258 Y=1598.118 Z=23.841) RuntimeGrid:None EditorOnly:0 RuntimeOnly:0 HLODRelevant:1
 |   |   |- [+] [ 38]
 |   |   |   |- Guid:E9D13E2941D51E8F6F12B3AC9284D4CD BaseClass: NativeClass:/Script/Engine.StaticMeshActor Name:StaticMeshActor_UAID_B025AA4DD6C4B9FE01_1545577966 Label:dirty_Floor6 SpatiallyLoaded:1 Bounds:IsValid=true, Min=(X=1356.727 Y=409.121 Z=-23.841), Max=(X=2267.277 Y=1598.118 Z=23.841) RuntimeGrid:None EditorOnly:0 RuntimeOnly:0 HLODRelevant:1
 |   |   |- [+] [ 39]
 |   |   |   |- Guid:7981825F4D4E52E8DE967DA3FA09A147 BaseClass: NativeClass:/Script/Engine.StaticMeshActor Name:StaticMeshActor_UAID_B025AA4DD6C4B9FE01_1390451965 Label:dirty_Doors_Cube_19 SpatiallyLoaded:1 Bounds:IsValid=true, Min=(X=1267.070 Y=538.708 Z=486.848), Max=(X=2065.098 Y=598.064 Z=620.920) RuntimeGrid:None EditorOnly:0 RuntimeOnly:0 HLODRelevant:1
 |   |   |- [+] [ 40]
 |   |   |   |- Guid:868EDD1B4C458A3D87AF2EBF8701BA58 BaseClass: NativeClass:/Script/Engine.StaticMeshActor Name:StaticMeshActor_UAID_B025AA4DD6C4B9FE01_1318326964 Label:dirty_Doors_Cube_8 SpatiallyLoaded:1 Bounds:IsValid=true, Min=(X=1267.070 Y=532.311 Z=-37.117), Max=(X=2065.098 Y=591.666 Z=96.956) RuntimeGrid:None EditorOnly:0 RuntimeOnly:0 HLODRelevant:1
 |   |   |- [+] [ 41]
 |   |   |   |- Guid:39DE92724D24FDBBB05EAA97781155E3 BaseClass: NativeClass:/Script/Engine.StaticMeshActor Name:StaticMeshActor_UAID_B025AA4DD6C4B9FE01_1276677962 Label:dirty_Doors_Cube_18 SpatiallyLoaded:1 Bounds:IsValid=true, Min=(X=3257.615 Y=-592.008 Z=-30.506), Max=(X=3896.038 Y=-544.524 Z=622.174) RuntimeGrid:None EditorOnly:0 RuntimeOnly:0 HLODRelevant:1
 |   |   |- [+] [ 42]
 |   |   |   |- Guid:A9D8C8644FE74C0E10A6CC947AAADE50 BaseClass: NativeClass:/Script/Engine.StaticMeshActor Name:StaticMeshActor_UAID_B025AA4DD6C4B9FE01_1276676961 Label:dirty_Doors_Cube_17 SpatiallyLoaded:1 Bounds:IsValid=true, Min=(X=2650.157 Y=-592.008 Z=-30.506), Max=(X=3288.580 Y=-544.524 Z=622.174) RuntimeGrid:None EditorOnly:0 RuntimeOnly:0 HLODRelevant:1
 |   |   |- [+] [ 43]
 |   |   |   |- Guid:0B15986F42A9FBA4B11E2591808AF06E BaseClass: NativeClass:/Script/Engine.StaticMeshActor Name:StaticMeshActor_UAID_B025AA4DD6C4B9FE01_1276676960 Label:dirty_Doors_Cube_16 SpatiallyLoaded:1 Bounds:IsValid=true, Min=(X=2045.791 Y=-592.008 Z=-30.506), Max=(X=2684.214 Y=-544.524 Z=622.174) RuntimeGrid:None EditorOnly:0 RuntimeOnly:0 HLODRelevant:1
 |   |   |- [+] [ 44]
 |   |   |   |- Guid:D553D7D648D1E51541FD81B45BE71159 BaseClass: NativeClass:/Script/Engine.StaticMeshActor Name:StaticMeshActor_UAID_B025AA4DD6C4B9FE01_1276675959 Label:dirty_Doors_Cube_15 SpatiallyLoaded:1 Bounds:IsValid=true, Min=(X=1420.941 Y=-592.008 Z=-30.506), Max=(X=2059.364 Y=-544.524 Z=622.174) RuntimeGrid:None EditorOnly:0 RuntimeOnly:0 HLODRelevant:1
 |   |   |- [+] [ 45]
 |   |   |   |- Guid:E435F34048682F7A1336ED9B0A76D5FE BaseClass: NativeClass:/Script/Engine.StaticMeshActor Name:StaticMeshActor_UAID_B025AA4DD6C4B9FE01_1276675958 Label:dirty_Doors_Cube_14 SpatiallyLoaded:1 Bounds:IsValid=true, Min=(X=798.051 Y=-592.008 Z=-30.506), Max=(X=1436.474 Y=-544.524 Z=622.174) RuntimeGrid:None EditorOnly:0 RuntimeOnly:0 HLODRelevant:1
 |   |   |- [+] [ 46]
 |   |   |   |- Guid:ECCFD75248DB9BC32552FA8E3D7189C6 BaseClass: NativeClass:/Script/Engine.StaticMeshActor Name:StaticMeshActor_UAID_B025AA4DD6C4B9FE01_1276674957 Label:dirty_Doors_Cube_13 SpatiallyLoaded:1 Bounds:IsValid=true, Min=(X=176.093 Y=-592.008 Z=-30.506), Max=(X=814.516 Y=-544.524 Z=622.174) RuntimeGrid:None EditorOnly:0 RuntimeOnly:0 HLODRelevant:1
 |   |   |- [+] [ 47]
 |   |   |   |- Guid:7A63C66847EDD96D768686AAA24B8AF9 BaseClass: NativeClass:/Script/Engine.StaticMeshActor Name:StaticMeshActor_UAID_B025AA4DD6C4B9FE01_1276673956 Label:dirty_Doors_Cube_12 SpatiallyLoaded:1 Bounds:IsValid=true, Min=(X=-449.346 Y=-592.008 Z=-30.506), Max=(X=189.077 Y=-544.524 Z=622.174) RuntimeGrid:None EditorOnly:0 RuntimeOnly:0 HLODRelevant:1
 |   |   |- [+] [ 48]
 |   |   |   |- Guid:51E0ED0341699C80379C099F496230EA BaseClass: NativeClass:/Script/Engine.StaticMeshActor Name:StaticMeshActor_UAID_B025AA4DD6C4B9FE01_1267068955 Label:dirty_Doors_Cube_11 SpatiallyLoaded:1 Bounds:IsValid=true, Min=(X=3257.615 Y=537.516 Z=-30.506), Max=(X=3896.038 Y=585.001 Z=622.174) RuntimeGrid:None EditorOnly:0 RuntimeOnly:0 HLODRelevant:1
 |   |   |- [+] [ 49]
 |   |   |   |- Guid:1AD55A324E5A23B7C7E3448EA7E2532D BaseClass: NativeClass:/Script/Engine.StaticMeshActor Name:StaticMeshActor_UAID_B025AA4DD6C4B9FE01_1265267954 Label:dirty_Doors_Cube_10 SpatiallyLoaded:1 Bounds:IsValid=true, Min=(X=2650.157 Y=537.516 Z=-30.506), Max=(X=3288.580 Y=585.001 Z=622.174) RuntimeGrid:None EditorOnly:0 RuntimeOnly:0 HLODRelevant:1
 |   |   |- [+] [ 50]
 |   |   |   |- Guid:BA729E704FB9CC58F543C6BB432DDC0D BaseClass: NativeClass:/Script/Engine.StaticMeshActor Name:StaticMeshActor_UAID_B025AA4DD6C4B9FE01_1262464953 Label:dirty_Doors_Cube_9 SpatiallyLoaded:1 Bounds:IsValid=true, Min=(X=2045.791 Y=537.516 Z=-30.506), Max=(X=2684.214 Y=585.001 Z=622.174) RuntimeGrid:None EditorOnly:0 RuntimeOnly:0 HLODRelevant:1
 |   |   |- [+] [ 51]
 |   |   |   |- Guid:E601FFBB42D16204990021A1837F9515 BaseClass: NativeClass:/Script/Engine.StaticMeshActor Name:StaticMeshActor_UAID_B025AA4DD6C4B9FE01_1303745963 Label:window SpatiallyLoaded:1 Bounds:IsValid=true, Min=(X=1441.290 Y=538.350 Z=95.437), Max=(X=2039.958 Y=601.437 Z=504.741) RuntimeGrid:None EditorOnly:0 RuntimeOnly:0 HLODRelevant:1
 |   |   |- [+] [ 52]
 |   |   |   |- Guid:BDB0C03C4F5BA206B9B2CF9A479988B0 BaseClass: NativeClass:/Script/Engine.StaticMeshActor Name:StaticMeshActor_UAID_B025AA4DD6C4B9FE01_1258321951 Label:dirty_Doors_Cube_7 SpatiallyLoaded:1 Bounds:IsValid=true, Min=(X=798.051 Y=537.516 Z=-30.506), Max=(X=1436.474 Y=585.001 Z=622.174) RuntimeGrid:None EditorOnly:0 RuntimeOnly:0 HLODRelevant:1
 |   |   |- [+] [ 53]
 |   |   |   |- Guid:0E0E032E4A437D5008BED0B75DEADA52 BaseClass: NativeClass:/Script/Engine.StaticMeshActor Name:StaticMeshActor_UAID_B025AA4DD6C4B9FE01_1253415950 Label:dirty_Doors_Cube_6 SpatiallyLoaded:1 Bounds:IsValid=true, Min=(X=176.093 Y=537.516 Z=-30.506), Max=(X=814.516 Y=585.001 Z=622.174) RuntimeGrid:None EditorOnly:0 RuntimeOnly:0 HLODRelevant:1
 |   |   |- [+] [ 54]
 |   |   |   |- Guid:F17374DB41575637686C06BF3D7EC057 BaseClass: NativeClass:/Script/Engine.StaticMeshActor Name:StaticMeshActor_UAID_B025AA4DD6C4B9FE01_1240541949 Label:dirty_Doors_Cube_005 SpatiallyLoaded:1 Bounds:IsValid=true, Min=(X=-449.346 Y=537.516 Z=-30.506), Max=(X=189.077 Y=585.001 Z=622.174) RuntimeGrid:None EditorOnly:0 RuntimeOnly:0 HLODRelevant:1
 |   |   |- [+] [ 55]
 |   |   |   |- Guid:398EFA214A5B60F9C43646A4402D9D2E BaseClass: NativeClass:/Script/Engine.StaticMeshActor Name:StaticMeshActor_UAID_B025AA4DD6C4B9FE01_1219309948 Label:dirty_Floor5 SpatiallyLoaded:1 Bounds:IsValid=true, Min=(X=3174.051 Y=-599.907 Z=-23.841), Max=(X=4084.602 Y=589.090 Z=23.841) RuntimeGrid:None EditorOnly:0 RuntimeOnly:0 HLODRelevant:1
 |   |   |- [+] [ 56]
 |   |   |   |- Guid:A8E983874BFC52F4491272B593678C03 BaseClass: NativeClass:/Script/Engine.StaticMeshActor Name:StaticMeshActor_UAID_B025AA4DD6C4B9FE01_1217357947 Label:dirty_Floor4 SpatiallyLoaded:1 Bounds:IsValid=true, Min=(X=2258.720 Y=-599.907 Z=-23.841), Max=(X=3169.270 Y=589.090 Z=23.841) RuntimeGrid:None EditorOnly:0 RuntimeOnly:0 HLODRelevant:1
 |   |   |- [+] [ 57]
 |   |   |   |- Guid:490EB16D451A77AD65A8C8BABB057E6B BaseClass: NativeClass:/Script/Engine.StaticMeshActor Name:StaticMeshActor_UAID_B025AA4DD6C4B9FE01_1215215946 Label:dirty_Floor3 SpatiallyLoaded:1 Bounds:IsValid=true, Min=(X=1356.727 Y=-599.907 Z=-23.841), Max=(X=2267.277 Y=589.090 Z=23.841) RuntimeGrid:None EditorOnly:0 RuntimeOnly:0 HLODRelevant:1
 |   |   |- [+] [ 58]
 |   |   |   |- Guid:C22CE07C4B87D685137FDBBC10FC92C6 BaseClass: NativeClass:/Script/Engine.SkyAtmosphere Name:SkyAtmosphere_0 Label:SkyAtmosphere SpatiallyLoaded:0 Bounds:IsValid=true, Min=(X=0.000 Y=0.000 Z=1020.000), Max=(X=0.000 Y=0.000 Z=1020.000) RuntimeGrid:None EditorOnly:0 RuntimeOnly:0 HLODRelevant:0 FolderPath:Lighting FolderGuid:0BA5F0A04EADB18E70D5B180D08FA34B
 |   |   |- [+] [ 59]
 |   |   |   |- Guid:C0C56B9644AE3D40CAFF6A878DB29844 BaseClass: NativeClass:/Script/Engine.StaticMeshActor Name:StaticMeshActor_UAID_A4AE111137DC5EFB00_2001720423 Label:SM_SkySphere SpatiallyLoaded:0 Bounds:IsValid=true, Min=(X=-1638400.000 Y=-1638400.000 Z=-1638400.000), Max=(X=1638400.000 Y=1638400.000 Z=1638400.000) RuntimeGrid:None EditorOnly:0 RuntimeOnly:0 HLODRelevant:1 FolderPath:Lighting FolderGuid:0BA5F0A04EADB18E70D5B180D08FA34B
 |   |   |- [+] [ 60]
 |   |   |   |- Guid:6FEFB3BD4EB37B849EF0D4AC80F83855 BaseClass: NativeClass:/Script/Engine.WorldDataLayers Name:WorldDataLayers Label:WorldDataLayers SpatiallyLoaded:0 Bounds:IsValid=true, Min=(X=0.000 Y=0.000 Z=0.000), Max=(X=0.000 Y=0.000 Z=0.000) RuntimeGrid:None EditorOnly:0 RuntimeOnly:0 HLODRelevant:0
 |   |   |- [+] [ 61]
 |   |   |   |- Guid:079081F540F1AD2EE6389587A52A8409 BaseClass: NativeClass:/Script/Engine.PlayerStart Name:PlayerStart_UAID_B025AA4DD6C4B9FE01_1186630945 Label:PlayerStart SpatiallyLoaded:0 Bounds:IsValid=true, Min=(X=-279.214 Y=-2.324 Z=46.422), Max=(X=-199.214 Y=77.676 Z=230.422) RuntimeGrid:None EditorOnly:0 RuntimeOnly:0 HLODRelevant:0
 |   |   |- [+] [ 62]
 |   |   |   |- Guid:CE8D82634660FCDB3120E2B8D547C533 BaseClass: NativeClass:/Script/Engine.PostProcessVolume Name:PostProcessVolume_0 Label:PostProcessVolume SpatiallyLoaded:0 Bounds:IsValid=true, Min=(X=0.000 Y=0.000 Z=400.000), Max=(X=200.000 Y=200.000 Z=600.000) RuntimeGrid:None EditorOnly:0 RuntimeOnly:0 HLODRelevant:0 FolderPath:Lighting FolderGuid:0BA5F0A04EADB18E70D5B180D08FA34B
 |   |   |- [+] [ 63]
 |   |   |   |- Guid:6344693943C64822A773ACBE6CE78A35 BaseClass: NativeClass:/Script/Engine.StaticMeshActor Name:StaticMeshActor_UAID_B025AA4DD6C4B9FE01_1159430944 Label:dirty_Floor2 SpatiallyLoaded:1 Bounds:IsValid=true, Min=(X=463.473 Y=-599.907 Z=-23.841), Max=(X=1374.024 Y=589.090 Z=23.841) RuntimeGrid:None EditorOnly:0 RuntimeOnly:0 HLODRelevant:1
 |   |   |- [+] [ 64]
 |   |   |   |- Guid:82219A90477B4042BD8FE0B039BB0765 BaseClass: NativeClass:/Script/Engine.StaticMeshActor Name:StaticMeshActor_UAID_B025AA4DD6C4B8FE01_2081081767 Label:dirty_Floor SpatiallyLoaded:1 Bounds:IsValid=true, Min=(X=-455.275 Y=-594.498 Z=-23.841), Max=(X=455.275 Y=594.498 Z=23.841) RuntimeGrid:None EditorOnly:0 RuntimeOnly:0 HLODRelevant:1
 |   |   |- [+] [ 65]
 |   |   |   |- Guid:325253784051AA865D84D0921393205F BaseClass: NativeClass:/Script/Engine.StaticMeshActor Name:StaticMeshActor_UAID_B025AA4DD6C4BAFE01_1458164177 Label:dirty_Doors_Cube_39 SpatiallyLoaded:1 Bounds:IsValid=true, Min=(X=3891.382 Y=-2416.305 Z=28.674), Max=(X=3938.866 Y=-1777.882 Z=681.355) RuntimeGrid:None EditorOnly:0 RuntimeOnly:0 HLODRelevant:1
 |   |   |- [+] [ 66]
 |   |   |   |- Guid:0937F65F4157DEF2BA29FD8DEAE0364F BaseClass: NativeClass:/Script/Engine.StaticMeshActor Name:StaticMeshActor_UAID_B025AA4DD6C4BAFE01_1460102178 Label:dirty_Doors_Cube_40 SpatiallyLoaded:1 Bounds:IsValid=true, Min=(X=3891.382 Y=-3041.356 Z=28.674), Max=(X=3938.866 Y=-2402.933 Z=681.355) RuntimeGrid:None EditorOnly:0 RuntimeOnly:0 HLODRelevant:1
 |   |   |- [+] [ 67]
 |   |   |   |- Guid:CF1C9E0E4BB25171A0AD57A44B79B240 BaseClass: NativeClass:/Script/Engine.StaticMeshActor Name:StaticMeshActor_UAID_B025AA4DD6C4BAFE01_1463223179 Label:dirty_Doors_Cube_41 SpatiallyLoaded:1 Bounds:IsValid=true, Min=(X=3891.382 Y=-3660.971 Z=28.674), Max=(X=3938.866 Y=-3022.548 Z=681.355) RuntimeGrid:None EditorOnly:0 RuntimeOnly:0 HLODRelevant:1
 |   |   |- [+] [ 68]
 |   |   |   |- Guid:4513FD8D44F2F12D5FA106BF291A92B0 BaseClass: NativeClass:/Script/Engine.StaticMeshActor Name:StaticMeshActor_UAID_B025AA4DD6C4BAFE01_1465417180 Label:dirty_Doors_Cube_42 SpatiallyLoaded:1 Bounds:IsValid=true, Min=(X=3891.382 Y=-4272.321 Z=28.674), Max=(X=3938.866 Y=-3633.898 Z=681.355) RuntimeGrid:None EditorOnly:0 RuntimeOnly:0 HLODRelevant:1
 |   |   |- [+] [ 69]
 |   |   |   |- Guid:AA55583F4C2937E9E1B33FA3A75B4ACE BaseClass: NativeClass:/Script/Engine.StaticMeshActor Name:StaticMeshActor_UAID_B025AA4DD6C4BAFE01_1469775181 Label:dirty_Doors_Cube_43 SpatiallyLoaded:1 Bounds:IsValid=true, Min=(X=4228.653 Y=-4055.138 Z=28.674), Max=(X=4867.075 Y=-4007.653 Z=681.355) RuntimeGrid:None EditorOnly:0 RuntimeOnly:0 HLODRelevant:1
 |   |   |- [+] [ 70]
 |   |   |   |- Guid:404E52C24A6CADA1087E9989AE10CA55 BaseClass: NativeClass:/Script/Engine.StaticMeshActor Name:StaticMeshActor_UAID_B025AA4DD6C4BAFE01_1472338182 Label:dirty_Doors_Cube_44 SpatiallyLoaded:1 Bounds:IsValid=true, Min=(X=3870.702 Y=-4055.138 Z=28.674), Max=(X=4509.125 Y=-4007.653 Z=681.355) RuntimeGrid:None EditorOnly:0 RuntimeOnly:0 HLODRelevant:1
 |   |   |- [+] [ 71]
 |   |   |   |- Guid:2025108644C6B1C6C41047877687ED09 BaseClass: NativeClass:/Script/Engine.StaticMeshActor Name:StaticMeshActor_UAID_B025AA4DD6C4BAFE01_1481142183 Label:dirty_Doors_Cube_45 SpatiallyLoaded:1 Bounds:IsValid=true, Min=(X=4787.000 Y=-1741.759 Z=28.674), Max=(X=4834.485 Y=-1103.336 Z=681.355) RuntimeGrid:None EditorOnly:0 RuntimeOnly:0 HLODRelevant:1
 |   |   |- [+] [ 72]
 |   |   |   |- Guid:1AF176474FA320DEE9C677A21712AD4E BaseClass: NativeClass:/Script/Engine.StaticMeshActor Name:StaticMeshActor_UAID_B025AA4DD6C4BAFE01_1485793184 Label:dirty_Doors_Cube_46 SpatiallyLoaded:1 Bounds:IsValid=true, Min=(X=4787.000 Y=-1117.299 Z=28.674), Max=(X=4834.485 Y=-478.877 Z=681.355) RuntimeGrid:None EditorOnly:0 RuntimeOnly:0 HLODRelevant:1
 |   |   |- [+] [ 73]
 |   |   |   |- Guid:4DC821B546F3ED7004F9E1A855363BCD BaseClass: NativeClass:/Script/Engine.StaticMeshActor Name:StaticMeshActor_UAID_B025AA4DD6C4BAFE01_1488011185 Label:dirty_Doors_Cube_47 SpatiallyLoaded:1 Bounds:IsValid=true, Min=(X=4787.000 Y=-524.750 Z=28.674), Max=(X=4834.485 Y=113.673 Z=681.355) RuntimeGrid:None EditorOnly:0 RuntimeOnly:0 HLODRelevant:1
 |   |   |- [+] [ 74]
 |   |   |   |- Guid:AF5594AD4B9671452C77698E8F9C436D BaseClass: NativeClass:/Script/Engine.StaticMeshActor Name:StaticMeshActor_UAID_B025AA4DD6C4BAFE01_1489563186 Label:dirty_Doors_Cube_48 SpatiallyLoaded:1 Bounds:IsValid=true, Min=(X=4787.000 Y=40.178 Z=28.674), Max=(X=4834.485 Y=678.600 Z=681.355) RuntimeGrid:None EditorOnly:0 RuntimeOnly:0 HLODRelevant:1
 |   |   |- [+] [ 75]
 |   |   |   |- Guid:8C51683140832401651113B811DEB1A9 BaseClass: NativeClass:/Script/Engine.StaticMeshActor Name:StaticMeshActor_UAID_B025AA4DD6C4BAFE01_1493093187 Label:dirty_Doors_Cube_49 SpatiallyLoaded:1 Bounds:IsValid=true, Min=(X=3870.906 Y=537.516 Z=-30.506), Max=(X=4509.328 Y=585.001 Z=622.174) RuntimeGrid:None EditorOnly:0 RuntimeOnly:0 HLODRelevant:1
 |   |   |- [+] [ 76]
 |   |   |   |- Guid:0886B28D4CD1D8EBF6F104ACEDF3AFAE BaseClass: NativeClass:/Script/Engine.StaticMeshActor Name:StaticMeshActor_UAID_B025AA4DD6C4BAFE01_1494765188 Label:dirty_Doors_Cube_50 SpatiallyLoaded:1 Bounds:IsValid=true, Min=(X=4221.008 Y=537.516 Z=-30.506), Max=(X=4859.431 Y=585.001 Z=622.174) RuntimeGrid:None EditorOnly:0 RuntimeOnly:0 HLODRelevant:1
 |   |   |- [+] [ 77]
 |   |   |   |- Guid:88673B4F44A74D295181A8AAC28E7C54 BaseClass: NativeClass:/Script/Engine.StaticMeshActor Name:StaticMeshActor_UAID_B025AA4DD6C4BAFE01_1533894189 Label:dirty_Doors_Cube_51 SpatiallyLoaded:1 Bounds:IsValid=true, Min=(X=6523.754 Y=-4056.362 Z=28.674), Max=(X=6571.238 Y=-3417.939 Z=681.355) RuntimeGrid:None EditorOnly:0 RuntimeOnly:0 HLODRelevant:1
 |   |   |- [+] [ 78]
 |   |   |   |- Guid:42124F04443E51B6163732AADCBC244A BaseClass: NativeClass:/Script/Engine.StaticMeshActor Name:StaticMeshActor_UAID_B025AA4DD6C4BAFE01_1547233190 Label:dirty_Doors_Cube_52 SpatiallyLoaded:1 Bounds:IsValid=true, Min=(X=6523.754 Y=-2353.053 Z=28.674), Max=(X=6571.238 Y=-1714.630 Z=681.355) RuntimeGrid:None EditorOnly:0 RuntimeOnly:0 HLODRelevant:1
 |   |   |- [+] [ 79]
 |   |   |   |- Guid:973CA18948D72EB2A0F0B8AD5A47CBEC BaseClass: NativeClass:/Script/Engine.StaticMeshActor Name:StaticMeshActor_UAID_B025AA4DD6C4BAFE01_1627193191 Label:dirty_Doors_Cube_021 SpatiallyLoaded:1 Bounds:IsValid=true, Min=(X=6516.027 Y=-3246.266 Z=32.020), Max=(X=6563.512 Y=-2607.843 Z=684.700) RuntimeGrid:None EditorOnly:0 RuntimeOnly:0 HLODRelevant:1
 |   |   |- [+] [ 80]
 |   |   |   |- Guid:4C784A634FA1AFC374211CA5D4839C28 BaseClass: NativeClass:/Script/Engine.StaticMeshActor Name:StaticMeshActor_UAID_B025AA4DD6C4BAFE01_1647709192 Label:dirty_Doors_Cube_53 SpatiallyLoaded:1 Bounds:IsValid=true, Min=(X=6523.754 Y=-2783.727 Z=28.674), Max=(X=6571.238 Y=-2145.304 Z=681.355) RuntimeGrid:None EditorOnly:0 RuntimeOnly:0 HLODRelevant:1
 |   |   |- [+] [ 81]
 |   |   |   |- Guid:9DF493234FA93E52872D5493076E1555 BaseClass: NativeClass:/Script/Engine.StaticMeshActor Name:StaticMeshActor_UAID_B025AA4DD6C4BAFE01_1655468193 Label:dirty_Doors_Cube_54 SpatiallyLoaded:1 Bounds:IsValid=true, Min=(X=6523.754 Y=-3718.610 Z=28.674), Max=(X=6571.238 Y=-3080.187 Z=681.355) RuntimeGrid:None EditorOnly:0 RuntimeOnly:0 HLODRelevant:1
 |   |   |- [+] [ 82]
 |   |   |   |- Guid:666D2D4C41956DD279B8209BD2DEC53A BaseClass: NativeClass:/Script/Engine.StaticMeshActor Name:StaticMeshActor_UAID_B025AA4DD6C4BAFE01_1744568195 Label:Clean_Floor_Cube_023 SpatiallyLoaded:1 Bounds:IsValid=true, Min=(X=-2416.782 Y=-5182.099 Z=540.219), Max=(X=7293.106 Y=5114.465 Z=587.901) RuntimeGrid:None EditorOnly:0 RuntimeOnly:0 HLODRelevant:1
 |   |   |- [+] [ 83]
 |   |   |   |- Guid:6C4A8879435C6883A21A2B8B2CB2CCFF BaseClass: NativeClass:/Script/Engine.PointLight Name:PointLight_UAID_B025AA4DD6C4BAFE01_2018918197 Label:PointLight SpatiallyLoaded:1 Bounds:IsValid=true, Min=(X=570.062 Y=1160.006 Z=-769.654), Max=(X=2570.062 Y=3160.006 Z=1230.346) RuntimeGrid:None EditorOnly:0 RuntimeOnly:0 HLODRelevant:0
 |- ContainerInstances:
 |- [+] MainContainer:
 |   |-        ID: 0x0000000000000000
 |   |-    Bounds: IsValid=false, Min=(X=0.000 Y=0.000 Z=0.000), Max=(X=0.000 Y=0.000 Z=0.000)
 |   |- Transform: 0.000000,0.000000,0.000000|0.000000,0.000000,-0.000000|1.000000,1.000000,1.000000
 |   |- Container: /Game/FirstPerson/Maps/FirstPersonMap
----------------------------------------------------------------------------------------------------------------
FirstPersonMap - Persistent Level
----------------------------------------------------------------------------------------------------------------
Always loaded Actor Count: 91 

----------------------------------------------------------------------------------------------------------------
FirstPersonMap - Runtime Spatial Hash - Streaming Grid - MainGrid
----------------------------------------------------------------------------------------------------------------
            Origin: X=0.000 Y=0.000 Z=0.000
         Cell Size: 12800
      World Bounds: IsValid=false, Min=(X=0.000 Y=0.000 Z=0.000), Max=(X=0.000 Y=0.000 Z=0.000)
     Loading Range: 25600.00
Block Slow Loading: No
 ClientOnlyVisible: No

[+] Grid Levels: 1
 |- Level  0: Cell Count    0 | Cell Size   12800 | Actor Count    0 (0.0%)

[+] Content of Grid Level 0

